#! /opt/oss-cad-suite/bin/vvp
:ivl_version "13.0 (devel)" "(s20250103-66-gd67d3323a)";
:ivl_delay_selection "TYPICAL";
:vpi_time_precision + 0;
:vpi_module "/opt/oss-cad-suite/lib/ivl/system.vpi";
:vpi_module "/opt/oss-cad-suite/lib/ivl/vhdl_sys.vpi";
:vpi_module "/opt/oss-cad-suite/lib/ivl/vhdl_textio.vpi";
:vpi_module "/opt/oss-cad-suite/lib/ivl/v2005_math.vpi";
:vpi_module "/opt/oss-cad-suite/lib/ivl/va_math.vpi";
S_0x55557150fde0 .scope module, "fifo" "fifo" 2 1;
 .timescale 0 0;
    .port_info 0 /INPUT 1 "rst_i";
    .port_info 1 /INPUT 1 "clk_i";
    .port_info 2 /INPUT 1 "wen_i";
    .port_info 3 /INPUT 1 "ren_i";
    .port_info 4 /INPUT 8 "wdata_i";
    .port_info 5 /OUTPUT 8 "rdata_o";
    .port_info 6 /OUTPUT 1 "empty_o";
    .port_info 7 /OUTPUT 1 "full_o";
P_0x5555715392a0 .param/l "DEPTH" 0 2 1, +C4<00000000000000000000000000010000>;
P_0x5555715392e0 .param/l "DWIDTH" 0 2 1, +C4<00000000000000000000000000001000>;
v0x555571539770_0 .net *"_ivl_0", 31 0, L_0x5555715624a0;  1 drivers
v0x555571561350_0 .net *"_ivl_10", 31 0, L_0x555571572770;  1 drivers
v0x555571561430_0 .net *"_ivl_12", 31 0, L_0x5555715728e0;  1 drivers
L_0x71ec1bad00f0 .functor BUFT 1, C4<0000000000000000000000000000>, C4<0>, C4<0>, C4<0>;
v0x555571561520_0 .net *"_ivl_15", 27 0, L_0x71ec1bad00f0;  1 drivers
L_0x71ec1bad0018 .functor BUFT 1, C4<0000000000000000000000000000>, C4<0>, C4<0>, C4<0>;
v0x555571561600_0 .net *"_ivl_3", 27 0, L_0x71ec1bad0018;  1 drivers
L_0x71ec1bad0060 .functor BUFT 1, C4<00000000000000000000000000000001>, C4<0>, C4<0>, C4<0>;
v0x555571561730_0 .net/2u *"_ivl_4", 31 0, L_0x71ec1bad0060;  1 drivers
v0x555571561810_0 .net *"_ivl_6", 31 0, L_0x555571572600;  1 drivers
L_0x71ec1bad00a8 .functor BUFT 1, C4<00000000000000000000000000010000>, C4<0>, C4<0>, C4<0>;
v0x5555715618f0_0 .net/2u *"_ivl_8", 31 0, L_0x71ec1bad00a8;  1 drivers
o0x71ec1bf6f198 .functor BUFZ 1, c4<z>; HiZ drive
v0x5555715619d0_0 .net "clk_i", 0 0, o0x71ec1bf6f198;  0 drivers
v0x555571561a90_0 .net "empty_o", 0 0, L_0x555571572b70;  1 drivers
v0x555571561b50 .array "fifo", 15 0, 7 0;
v0x555571561c10_0 .net "full_o", 0 0, L_0x555571572a30;  1 drivers
v0x555571561cd0_0 .var "rdata_o", 7 0;
o0x71ec1bf6f258 .functor BUFZ 1, c4<z>; HiZ drive
v0x555571561db0_0 .net "ren_i", 0 0, o0x71ec1bf6f258;  0 drivers
v0x555571561e70_0 .var "rptr", 3 0;
o0x71ec1bf6f2b8 .functor BUFZ 1, c4<z>; HiZ drive
v0x555571561f50_0 .net "rst_i", 0 0, o0x71ec1bf6f2b8;  0 drivers
o0x71ec1bf6f2e8 .functor BUFZ 8, c4<zzzzzzzz>; HiZ drive
v0x555571562010_0 .net "wdata_i", 7 0, o0x71ec1bf6f2e8;  0 drivers
o0x71ec1bf6f318 .functor BUFZ 1, c4<z>; HiZ drive
v0x555571562200_0 .net "wen_i", 0 0, o0x71ec1bf6f318;  0 drivers
v0x5555715622c0_0 .var "wptr", 3 0;
E_0x555571549260 .event posedge, v0x5555715619d0_0;
L_0x5555715624a0 .concat [ 4 28 0 0], v0x5555715622c0_0, L_0x71ec1bad0018;
L_0x555571572600 .arith/sum 32, L_0x5555715624a0, L_0x71ec1bad0060;
L_0x555571572770 .arith/mod 32, L_0x555571572600, L_0x71ec1bad00a8;
L_0x5555715728e0 .concat [ 4 28 0 0], v0x555571561e70_0, L_0x71ec1bad00f0;
L_0x555571572a30 .cmp/eq 32, L_0x555571572770, L_0x5555715728e0;
L_0x555571572b70 .cmp/eq 4, v0x5555715622c0_0, v0x555571561e70_0;
    .scope S_0x55557150fde0;
T_0 ;
    %wait E_0x555571549260;
    %load/vec4 v0x555571561f50_0;
    %flag_set/vec4 8;
    %jmp/0xz  T_0.0, 8;
    %pushi/vec4 0, 0, 4;
    %assign/vec4 v0x5555715622c0_0, 0;
    %jmp T_0.1;
T_0.0 ;
    %load/vec4 v0x555571562200_0;
    %load/vec4 v0x555571561c10_0;
    %nor/r;
    %and;
    %flag_set/vec4 8;
    %jmp/0xz  T_0.2, 8;
    %load/vec4 v0x555571562010_0;
    %load/vec4 v0x5555715622c0_0;
    %pad/u 6;
    %ix/vec4 3;
    %ix/load 4, 0, 0; Constant delay
    %assign/vec4/a/d v0x555571561b50, 0, 4;
    %load/vec4 v0x5555715622c0_0;
    %pad/u 32;
    %addi 1, 0, 32;
    %pushi/vec4 16, 0, 32;
    %mod;
    %pad/u 4;
    %assign/vec4 v0x5555715622c0_0, 0;
T_0.2 ;
T_0.1 ;
    %jmp T_0;
    .thread T_0;
    .scope S_0x55557150fde0;
T_1 ;
    %wait E_0x555571549260;
    %load/vec4 v0x555571561f50_0;
    %flag_set/vec4 8;
    %jmp/0xz  T_1.0, 8;
    %pushi/vec4 0, 0, 4;
    %assign/vec4 v0x555571561e70_0, 0;
    %pushi/vec4 0, 0, 8;
    %assign/vec4 v0x555571561cd0_0, 0;
    %jmp T_1.1;
T_1.0 ;
    %load/vec4 v0x555571561db0_0;
    %load/vec4 v0x555571561a90_0;
    %nor/r;
    %and;
    %flag_set/vec4 8;
    %jmp/0xz  T_1.2, 8;
    %load/vec4 v0x555571561e70_0;
    %pad/u 6;
    %ix/vec4 4;
    %load/vec4a v0x555571561b50, 4;
    %assign/vec4 v0x555571561cd0_0, 0;
    %load/vec4 v0x555571561e70_0;
    %pad/u 32;
    %addi 1, 0, 32;
    %pushi/vec4 16, 0, 32;
    %mod;
    %pad/u 4;
    %assign/vec4 v0x555571561e70_0, 0;
T_1.2 ;
T_1.1 ;
    %jmp T_1;
    .thread T_1;
# The file index is used to find the file name in the following table.
:file_names 3;
    "N/A";
    "<interactive>";
    "/home/dtorres/Documents/work/riscv-formal/cores/dtcore32/peripherals/uart/rtl/fifo.v";
